[2025-03-22 11:47:52,735] INFO _log() L97    * Restarting with stat - call_trace=d:\Desenvolvimento\PUC\rescue-api\.venv\Lib\site-packages\werkzeug\_internal.py L97  
[2025-03-22 11:48:04,872] INFO _log() L97   127.0.0.1 - - [22/Mar/2025 11:48:04] "GET /openapi/swagger HTTP/1.1" 200 - - call_trace=d:\Desenvolvimento\PUC\rescue-api\.venv\Lib\site-packages\werkzeug\_internal.py L97  
[2025-03-22 11:48:05,078] INFO _log() L97   127.0.0.1 - - [22/Mar/2025 11:48:05] "[36mGET /openapi/swagger/css/swagger-ui.css HTTP/1.1[0m" 304 - - call_trace=d:\Desenvolvimento\PUC\rescue-api\.venv\Lib\site-packages\werkzeug\_internal.py L97  
[2025-03-22 11:48:05,088] INFO _log() L97   127.0.0.1 - - [22/Mar/2025 11:48:05] "[36mGET /openapi/swagger/js/swagger-ui-bundle.js HTTP/1.1[0m" 304 - - call_trace=d:\Desenvolvimento\PUC\rescue-api\.venv\Lib\site-packages\werkzeug\_internal.py L97  
[2025-03-22 11:48:05,091] INFO _log() L97   127.0.0.1 - - [22/Mar/2025 11:48:05] "[36mGET /openapi/swagger/js/swagger-ui-standalone-preset.js HTTP/1.1[0m" 304 - - call_trace=d:\Desenvolvimento\PUC\rescue-api\.venv\Lib\site-packages\werkzeug\_internal.py L97  
[2025-03-22 11:48:05,334] INFO _log() L97   127.0.0.1 - - [22/Mar/2025 11:48:05] "GET /openapi/openapi.json HTTP/1.1" 200 - - call_trace=d:\Desenvolvimento\PUC\rescue-api\.venv\Lib\site-packages\werkzeug\_internal.py L97  
[2025-03-22 11:48:05,350] INFO _log() L97   127.0.0.1 - - [22/Mar/2025 11:48:05] "[36mGET /openapi/swagger/images/swagger.svg HTTP/1.1[0m" 304 - - call_trace=d:\Desenvolvimento\PUC\rescue-api\.venv\Lib\site-packages\werkzeug\_internal.py L97  
[2025-03-22 11:48:09,445] INFO _log() L97   127.0.0.1 - - [22/Mar/2025 11:48:09] "GET /vehicule HTTP/1.1" 200 - - call_trace=d:\Desenvolvimento\PUC\rescue-api\.venv\Lib\site-packages\werkzeug\_internal.py L97  
[2025-03-22 11:48:57,471] INFO _log() L97    * Detected change in 'D:\\Desenvolvimento\\PUC\\rescue-api\\app.py', reloading - call_trace=d:\Desenvolvimento\PUC\rescue-api\.venv\Lib\site-packages\werkzeug\_internal.py L97  
[2025-03-22 11:48:57,653] INFO _log() L97    * Restarting with stat - call_trace=d:\Desenvolvimento\PUC\rescue-api\.venv\Lib\site-packages\werkzeug\_internal.py L97  
[2025-03-22 11:49:05,706] INFO _log() L97    * Detected change in 'D:\\Desenvolvimento\\PUC\\rescue-api\\app.py', reloading - call_trace=d:\Desenvolvimento\PUC\rescue-api\.venv\Lib\site-packages\werkzeug\_internal.py L97  
[2025-03-22 11:49:05,857] INFO _log() L97    * Restarting with stat - call_trace=d:\Desenvolvimento\PUC\rescue-api\.venv\Lib\site-packages\werkzeug\_internal.py L97  
[2025-03-22 11:49:08,641] INFO _log() L97    * Detected change in 'D:\\Desenvolvimento\\PUC\\rescue-api\\app.py', reloading - call_trace=d:\Desenvolvimento\PUC\rescue-api\.venv\Lib\site-packages\werkzeug\_internal.py L97  
[2025-03-22 11:49:08,786] INFO _log() L97    * Restarting with stat - call_trace=d:\Desenvolvimento\PUC\rescue-api\.venv\Lib\site-packages\werkzeug\_internal.py L97  
[2025-03-22 11:49:43,727] INFO _log() L97    * Detected change in 'D:\\Desenvolvimento\\PUC\\rescue-api\\app.py', reloading - call_trace=d:\Desenvolvimento\PUC\rescue-api\.venv\Lib\site-packages\werkzeug\_internal.py L97  
[2025-03-22 11:49:43,912] INFO _log() L97    * Restarting with stat - call_trace=d:\Desenvolvimento\PUC\rescue-api\.venv\Lib\site-packages\werkzeug\_internal.py L97  
[2025-03-22 11:49:47,808] INFO _log() L97    * Detected change in 'D:\\Desenvolvimento\\PUC\\rescue-api\\app.py', reloading - call_trace=d:\Desenvolvimento\PUC\rescue-api\.venv\Lib\site-packages\werkzeug\_internal.py L97  
[2025-03-22 11:49:47,957] INFO _log() L97    * Restarting with stat - call_trace=d:\Desenvolvimento\PUC\rescue-api\.venv\Lib\site-packages\werkzeug\_internal.py L97  
[2025-03-22 11:50:24,107] INFO _log() L97    * Detected change in 'D:\\Desenvolvimento\\PUC\\rescue-api\\app.py', reloading - call_trace=d:\Desenvolvimento\PUC\rescue-api\.venv\Lib\site-packages\werkzeug\_internal.py L97  
[2025-03-22 11:50:24,256] INFO _log() L97    * Restarting with stat - call_trace=d:\Desenvolvimento\PUC\rescue-api\.venv\Lib\site-packages\werkzeug\_internal.py L97  
[2025-03-22 11:50:30,600] INFO _log() L97    * Detected change in 'D:\\Desenvolvimento\\PUC\\rescue-api\\app.py', reloading - call_trace=d:\Desenvolvimento\PUC\rescue-api\.venv\Lib\site-packages\werkzeug\_internal.py L97  
[2025-03-22 11:50:30,754] INFO _log() L97    * Restarting with stat - call_trace=d:\Desenvolvimento\PUC\rescue-api\.venv\Lib\site-packages\werkzeug\_internal.py L97  
[2025-03-22 11:50:36,565] INFO _log() L97    * Detected change in 'D:\\Desenvolvimento\\PUC\\rescue-api\\app.py', reloading - call_trace=d:\Desenvolvimento\PUC\rescue-api\.venv\Lib\site-packages\werkzeug\_internal.py L97  
[2025-03-22 11:50:36,706] INFO _log() L97    * Restarting with stat - call_trace=d:\Desenvolvimento\PUC\rescue-api\.venv\Lib\site-packages\werkzeug\_internal.py L97  
[2025-03-22 11:50:39,155] INFO _log() L97    * Detected change in 'D:\\Desenvolvimento\\PUC\\rescue-api\\app.py', reloading - call_trace=d:\Desenvolvimento\PUC\rescue-api\.venv\Lib\site-packages\werkzeug\_internal.py L97  
[2025-03-22 11:50:39,298] INFO _log() L97    * Restarting with stat - call_trace=d:\Desenvolvimento\PUC\rescue-api\.venv\Lib\site-packages\werkzeug\_internal.py L97  
[2025-03-22 11:50:42,128] INFO _log() L97    * Detected change in 'D:\\Desenvolvimento\\PUC\\rescue-api\\app.py', reloading - call_trace=d:\Desenvolvimento\PUC\rescue-api\.venv\Lib\site-packages\werkzeug\_internal.py L97  
[2025-03-22 11:50:42,269] INFO _log() L97    * Restarting with stat - call_trace=d:\Desenvolvimento\PUC\rescue-api\.venv\Lib\site-packages\werkzeug\_internal.py L97  
[2025-03-22 11:50:49,193] INFO _log() L97    * Detected change in 'D:\\Desenvolvimento\\PUC\\rescue-api\\app.py', reloading - call_trace=d:\Desenvolvimento\PUC\rescue-api\.venv\Lib\site-packages\werkzeug\_internal.py L97  
[2025-03-22 11:50:49,355] INFO _log() L97    * Restarting with stat - call_trace=d:\Desenvolvimento\PUC\rescue-api\.venv\Lib\site-packages\werkzeug\_internal.py L97  
[2025-03-22 11:50:53,333] INFO _log() L97    * Detected change in 'D:\\Desenvolvimento\\PUC\\rescue-api\\app.py', reloading - call_trace=d:\Desenvolvimento\PUC\rescue-api\.venv\Lib\site-packages\werkzeug\_internal.py L97  
[2025-03-22 11:50:53,471] INFO _log() L97    * Restarting with stat - call_trace=d:\Desenvolvimento\PUC\rescue-api\.venv\Lib\site-packages\werkzeug\_internal.py L97  
[2025-03-22 11:51:19,966] INFO _log() L97    * Detected change in 'D:\\Desenvolvimento\\PUC\\rescue-api\\schemas\\rescue_point.py', reloading - call_trace=d:\Desenvolvimento\PUC\rescue-api\.venv\Lib\site-packages\werkzeug\_internal.py L97  
[2025-03-22 11:51:20,191] INFO _log() L97    * Restarting with stat - call_trace=d:\Desenvolvimento\PUC\rescue-api\.venv\Lib\site-packages\werkzeug\_internal.py L97  
[2025-03-22 11:51:23,035] INFO _log() L97    * Detected change in 'D:\\Desenvolvimento\\PUC\\rescue-api\\schemas\\rescue_point.py', reloading - call_trace=d:\Desenvolvimento\PUC\rescue-api\.venv\Lib\site-packages\werkzeug\_internal.py L97  
[2025-03-22 11:51:23,185] INFO _log() L97    * Restarting with stat - call_trace=d:\Desenvolvimento\PUC\rescue-api\.venv\Lib\site-packages\werkzeug\_internal.py L97  
[2025-03-22 11:51:27,813] INFO _log() L97    * Detected change in 'D:\\Desenvolvimento\\PUC\\rescue-api\\schemas\\rescue_point.py', reloading - call_trace=d:\Desenvolvimento\PUC\rescue-api\.venv\Lib\site-packages\werkzeug\_internal.py L97  
[2025-03-22 11:51:27,951] INFO _log() L97    * Restarting with stat - call_trace=d:\Desenvolvimento\PUC\rescue-api\.venv\Lib\site-packages\werkzeug\_internal.py L97  
[2025-03-22 11:51:31,682] INFO _log() L97    * Detected change in 'D:\\Desenvolvimento\\PUC\\rescue-api\\schemas\\rescue_point.py', reloading - call_trace=d:\Desenvolvimento\PUC\rescue-api\.venv\Lib\site-packages\werkzeug\_internal.py L97  
[2025-03-22 11:51:31,829] INFO _log() L97    * Restarting with stat - call_trace=d:\Desenvolvimento\PUC\rescue-api\.venv\Lib\site-packages\werkzeug\_internal.py L97  
[2025-03-22 11:51:34,767] INFO _log() L97    * Detected change in 'D:\\Desenvolvimento\\PUC\\rescue-api\\schemas\\rescue_point.py', reloading - call_trace=d:\Desenvolvimento\PUC\rescue-api\.venv\Lib\site-packages\werkzeug\_internal.py L97  
[2025-03-22 11:51:34,931] INFO _log() L97    * Restarting with stat - call_trace=d:\Desenvolvimento\PUC\rescue-api\.venv\Lib\site-packages\werkzeug\_internal.py L97  
[2025-03-22 11:51:40,920] INFO _log() L97    * Detected change in 'D:\\Desenvolvimento\\PUC\\rescue-api\\schemas\\rescue_point.py', reloading - call_trace=d:\Desenvolvimento\PUC\rescue-api\.venv\Lib\site-packages\werkzeug\_internal.py L97  
[2025-03-22 11:51:41,104] INFO _log() L97    * Restarting with stat - call_trace=d:\Desenvolvimento\PUC\rescue-api\.venv\Lib\site-packages\werkzeug\_internal.py L97  
[2025-03-22 11:51:54,477] INFO _log() L97    * Detected change in 'D:\\Desenvolvimento\\PUC\\rescue-api\\schemas\\rescue_point.py', reloading - call_trace=d:\Desenvolvimento\PUC\rescue-api\.venv\Lib\site-packages\werkzeug\_internal.py L97  
[2025-03-22 11:51:54,633] INFO _log() L97    * Restarting with stat - call_trace=d:\Desenvolvimento\PUC\rescue-api\.venv\Lib\site-packages\werkzeug\_internal.py L97  
[2025-03-22 11:54:13,819] INFO _log() L97    * Detected change in 'D:\\Desenvolvimento\\PUC\\rescue-api\\app.py', reloading - call_trace=d:\Desenvolvimento\PUC\rescue-api\.venv\Lib\site-packages\werkzeug\_internal.py L97  
[2025-03-22 11:54:13,967] INFO _log() L97    * Restarting with stat - call_trace=d:\Desenvolvimento\PUC\rescue-api\.venv\Lib\site-packages\werkzeug\_internal.py L97  
